-------------------------------------------------------------------------------
Test set: com.examly.springapp.SpringappApplicationTests
-------------------------------------------------------------------------------
Tests run: 80, Failures: 4, Errors: 0, Skipped: 0, Time elapsed: 5.045 s <<< FAILURE! - in com.examly.springapp.SpringappApplicationTests
com.examly.springapp.SpringappApplicationTests.Day13_test_execption_Directory_Exists  Time elapsed: 0.004 s  <<< FAILURE!
org.opentest4j.AssertionFailedError: expected: <true> but was: <false>
	at com.examly.springapp.SpringappApplicationTests.Day13_test_execption_Directory_Exists(SpringappApplicationTests.java:1056)

com.examly.springapp.SpringappApplicationTests.Day13_test_GloabalEception_File_Exists  Time elapsed: 0.002 s  <<< FAILURE!
org.opentest4j.AssertionFailedError: expected: <true> but was: <false>
	at com.examly.springapp.SpringappApplicationTests.Day13_test_GloabalEception_File_Exists(SpringappApplicationTests.java:1064)

com.examly.springapp.SpringappApplicationTests.Day14_test_configuartion_Directory_Exists  Time elapsed: 0.002 s  <<< FAILURE!
org.opentest4j.AssertionFailedError: expected: <true> but was: <false>
	at com.examly.springapp.SpringappApplicationTests.Day14_test_configuartion_Directory_Exists(SpringappApplicationTests.java:1071)

com.examly.springapp.SpringappApplicationTests.Day15_testAOPLogFileExists  Time elapsed: 0.002 s  <<< FAILURE!
org.opentest4j.AssertionFailedError: expected: <true> but was: <false>
	at com.examly.springapp.SpringappApplicationTests.Day15_testAOPLogFileExists(SpringappApplicationTests.java:1078)

